[debug] [2021-08-05T03:46:22.917Z] ----------------------------------------------------------------------
[debug] [2021-08-05T03:46:22.919Z] Command:       C:\Program Files\nodejs\node.exe C:\Users\Dto\AppData\Roaming\npm\node_modules\firebase-tools\lib\bin\firebase.js init
[debug] [2021-08-05T03:46:22.919Z] CLI Version:   9.16.0
[debug] [2021-08-05T03:46:22.919Z] Platform:      win32
[debug] [2021-08-05T03:46:22.919Z] Node Version:  v16.5.0
[debug] [2021-08-05T03:46:22.919Z] Time:          Thu Aug 05 2021 10:46:22 GMT+0700 (Indochina Time)
[debug] [2021-08-05T03:46:22.919Z] ----------------------------------------------------------------------
[debug] 
[debug] [2021-08-05T03:46:22.959Z] > command requires scopes: ["email","openid","https://www.googleapis.com/auth/cloudplatformprojects.readonly","https://www.googleapis.com/auth/firebase","https://www.googleapis.com/auth/cloud-platform"]
[debug] [2021-08-05T03:46:22.959Z] > authorizing via signed-in user (chartchai.d@elearning.cmu.ac.th)
[info] 
     ######## #### ########  ######## ########     ###     ######  ########
     ##        ##  ##     ## ##       ##     ##  ##   ##  ##       ##
     ######    ##  ########  ######   ########  #########  ######  ######
     ##        ##  ##    ##  ##       ##     ## ##     ##       ## ##
     ##       #### ##     ## ######## ########  ##     ##  ######  ########

You're about to initialize a Firebase project in this directory:

  D:\bitbucket\331-2021\lab06-deploy

Before we get started, keep in mind:

  * You are initializing within an existing Firebase project directory

